
> dms@0.1.0 start
> react-scripts start

Starting the development server...

Compiled with warnings.

[eslint] 
src\App.tsx
  Line 11:8:  'TermsAndConditions' is defined but never used  @typescript-eslint/no-unused-vars
  Line 12:8:  'PrivacyPolicy' is defined but never used       @typescript-eslint/no-unused-vars

src\components\pages\PatientTypeSelection.tsx
  Line 32:6:  React Hook useMemo has a missing dependency: 'defaultChoices'. Either include it or remove the dependency array  react-hooks/exhaustive-deps

Search for the keywords to learn more about each warning.
To ignore, add // eslint-disable-next-line to the line before.

[1m[33mWARNING[39m[22m in [1m[eslint] 
src\App.tsx
  Line 11:8:  'TermsAndConditions' is defined but never used  @typescript-eslint/no-unused-vars
  Line 12:8:  'PrivacyPolicy' is defined but never used       @typescript-eslint/no-unused-vars

src\components\pages\PatientTypeSelection.tsx
  Line 32:6:  React Hook useMemo has a missing dependency: 'defaultChoices'. Either include it or remove the dependency array  react-hooks/exhaustive-deps

[39m[22m

webpack compiled with [1m[33m1 warning[39m[22m
No issues found.
